2025-06-09 16:03:13,285 [INFO] Starting WLASL100v3...
2025-06-09 16:03:13,286 [INFO] Training using datasets/wlasl100_train_v3.csv...
2025-06-09 16:03:13,286 [INFO] Validation using datasets/wlasl100_val_v3.csv...


2025-06-09 16:03:54,904 [INFO] Save checkpoint for [1] as out-checkpoints/WLASL100v3/checkpoint_v_0.pth
2025-06-09 16:03:54,904 [INFO] [1] TRAIN  loss: 4.741978364832261 acc: 0.003703703703703704
2025-06-09 16:03:54,904 [INFO] [1] AVG TRAIN time per sample (sec): 0.08808568645926083 
2025-06-09 16:03:54,904 [INFO] [1] VALIDATION  acc: 0.009852216748768473
2025-06-09 16:03:54,905 [INFO] [1] VALIDATION  Top 5 acc: 0.009852216748768473
2025-06-09 16:03:54,905 [INFO] 
2025-06-09 16:04:36,738 [INFO] Save checkpoint for [2] as out-checkpoints/WLASL100v3/checkpoint_v_1.pth
2025-06-09 16:04:36,738 [INFO] [2] TRAIN  loss: 4.639414618997013 acc: 0.016049382716049384
2025-06-09 16:04:36,738 [INFO] [2] AVG TRAIN time per sample (sec): 0.07934324180378634 
2025-06-09 16:04:36,738 [INFO] [2] VALIDATION  acc: 0.0049261083743842365
2025-06-09 16:04:36,739 [INFO] [2] VALIDATION  Top 5 acc: 0.0049261083743842365
2025-06-09 16:04:36,739 [INFO] 
2025-06-09 16:05:17,973 [INFO] Save checkpoint for [3] as out-checkpoints/WLASL100v3/checkpoint_v_1.pth
2025-06-09 16:05:17,973 [INFO] [3] TRAIN  loss: 4.5579977596507355 acc: 0.016049382716049384
2025-06-09 16:05:17,973 [INFO] [3] AVG TRAIN time per sample (sec): 0.0796424010220696 
2025-06-09 16:05:17,973 [INFO] [3] VALIDATION  acc: 0.029556650246305417
2025-06-09 16:05:17,973 [INFO] [3] VALIDATION  Top 5 acc: 0.029556650246305417
2025-06-09 16:05:17,973 [INFO] 
2025-06-09 16:05:58,630 [INFO] Save checkpoint for [4] as out-checkpoints/WLASL100v3/checkpoint_v_1.pth
2025-06-09 16:05:58,630 [INFO] [4] TRAIN  loss: 4.427947998046875 acc: 0.03333333333333333
2025-06-09 16:05:58,630 [INFO] [4] AVG TRAIN time per sample (sec): 0.0769275286618401 
2025-06-09 16:05:58,630 [INFO] [4] VALIDATION  acc: 0.034482758620689655
2025-06-09 16:05:58,631 [INFO] [4] VALIDATION  Top 5 acc: 0.034482758620689655
2025-06-09 16:05:58,631 [INFO] 
2025-06-09 16:06:39,360 [INFO] Save checkpoint for [5] as out-checkpoints/WLASL100v3/checkpoint_v_1.pth
2025-06-09 16:06:39,361 [INFO] [5] TRAIN  loss: 4.333486669203815 acc: 0.027160493827160494
2025-06-09 16:06:39,361 [INFO] [5] AVG TRAIN time per sample (sec): 0.0802529769785264 
2025-06-09 16:06:39,361 [INFO] [5] VALIDATION  acc: 0.04926108374384237
2025-06-09 16:06:39,361 [INFO] [5] VALIDATION  Top 5 acc: 0.04926108374384237
2025-06-09 16:06:39,361 [INFO] 
2025-06-09 16:07:20,503 [INFO] Save checkpoint for [6] as out-checkpoints/WLASL100v3/checkpoint_v_1.pth
2025-06-09 16:07:20,504 [INFO] [6] TRAIN  loss: 4.26091407327091 acc: 0.03950617283950617
2025-06-09 16:07:20,504 [INFO] [6] AVG TRAIN time per sample (sec): 0.07843418682322782 
2025-06-09 16:07:20,504 [INFO] [6] VALIDATION  acc: 0.054187192118226604
2025-06-09 16:07:20,504 [INFO] [6] VALIDATION  Top 5 acc: 0.054187192118226604
2025-06-09 16:07:20,504 [INFO] 
2025-06-09 16:08:01,951 [INFO] Save checkpoint for [7] as out-checkpoints/WLASL100v3/checkpoint_v_1.pth
2025-06-09 16:08:01,952 [INFO] [7] TRAIN  loss: 4.18264456356273 acc: 0.04938271604938271
2025-06-09 16:08:01,952 [INFO] [7] AVG TRAIN time per sample (sec): 0.0786202024011051 
2025-06-09 16:08:01,952 [INFO] [7] VALIDATION  acc: 0.07881773399014778
2025-06-09 16:08:01,952 [INFO] [7] VALIDATION  Top 5 acc: 0.07881773399014778
2025-06-09 16:08:01,952 [INFO] 
2025-06-09 16:08:43,569 [INFO] Save checkpoint for [8] as out-checkpoints/WLASL100v3/checkpoint_v_1.pth
2025-06-09 16:08:43,570 [INFO] [8] TRAIN  loss: 4.065531113568475 acc: 0.05432098765432099
2025-06-09 16:08:43,570 [INFO] [8] AVG TRAIN time per sample (sec): 0.07717056835398954 
2025-06-09 16:08:43,570 [INFO] [8] VALIDATION  acc: 0.09359605911330049
2025-06-09 16:08:43,570 [INFO] [8] VALIDATION  Top 5 acc: 0.09359605911330049
2025-06-09 16:08:43,570 [INFO] 
2025-06-09 16:09:23,805 [INFO] [9] TRAIN  loss: 3.978350471047794 acc: 0.08395061728395062
2025-06-09 16:09:23,806 [INFO] [9] AVG TRAIN time per sample (sec): 0.07444295462440043 
2025-06-09 16:09:23,806 [INFO] [9] VALIDATION  acc: 0.07881773399014778
2025-06-09 16:09:23,806 [INFO] [9] VALIDATION  Top 5 acc: 0.09359605911330049
2025-06-09 16:09:23,806 [INFO] 
2025-06-09 16:10:04,705 [INFO] Save checkpoint for [10] as out-checkpoints/WLASL100v3/checkpoint_v_1.pth
2025-06-09 16:10:04,705 [INFO] [10] TRAIN  loss: 3.87525536032284 acc: 0.08641975308641975
2025-06-09 16:10:04,706 [INFO] [10] AVG TRAIN time per sample (sec): 0.07685300181893741 
2025-06-09 16:10:04,706 [INFO] [10] VALIDATION  acc: 0.10837438423645321
2025-06-09 16:10:04,706 [INFO] [10] VALIDATION  Top 5 acc: 0.10837438423645321
2025-06-09 16:10:04,706 [INFO] 
2025-06-09 16:10:44,807 [INFO] Save checkpoint for [11] as out-checkpoints/WLASL100v3/checkpoint_v_1.pth
2025-06-09 16:10:44,808 [INFO] [11] TRAIN  loss: 3.7504687589757584 acc: 0.11728395061728394
2025-06-09 16:10:44,808 [INFO] [11] AVG TRAIN time per sample (sec): 0.07625051105723661 
2025-06-09 16:10:44,808 [INFO] [11] VALIDATION  acc: 0.13793103448275862
2025-06-09 16:10:44,808 [INFO] [11] VALIDATION  Top 5 acc: 0.13793103448275862
2025-06-09 16:10:44,808 [INFO] 
2025-06-09 16:11:25,736 [INFO] Save checkpoint for [12] as out-checkpoints/WLASL100v3/checkpoint_v_2.pth
2025-06-09 16:11:25,737 [INFO] [12] TRAIN  loss: 3.6559555951286766 acc: 0.14074074074074075
2025-06-09 16:11:25,737 [INFO] [12] AVG TRAIN time per sample (sec): 0.07641908701728373 
2025-06-09 16:11:25,737 [INFO] [12] VALIDATION  acc: 0.16748768472906403
2025-06-09 16:11:25,737 [INFO] [12] VALIDATION  Top 5 acc: 0.16748768472906403
2025-06-09 16:11:25,737 [INFO] 
2025-06-09 16:12:05,988 [INFO] [13] TRAIN  loss: 3.547151902142693 acc: 0.18765432098765433
2025-06-09 16:12:05,988 [INFO] [13] AVG TRAIN time per sample (sec): 0.0755229907877305 
2025-06-09 16:12:05,988 [INFO] [13] VALIDATION  acc: 0.14285714285714285
2025-06-09 16:12:05,989 [INFO] [13] VALIDATION  Top 5 acc: 0.16748768472906403
2025-06-09 16:12:05,989 [INFO] 
2025-06-09 16:12:46,090 [INFO] [14] TRAIN  loss: 3.4617248983944164 acc: 0.19506172839506172
2025-06-09 16:12:46,090 [INFO] [14] AVG TRAIN time per sample (sec): 0.07476927953607895 
2025-06-09 16:12:46,090 [INFO] [14] VALIDATION  acc: 0.1625615763546798
2025-06-09 16:12:46,090 [INFO] [14] VALIDATION  Top 5 acc: 0.16748768472906403
2025-06-09 16:12:46,090 [INFO] 
2025-06-09 16:13:26,462 [INFO] Save checkpoint for [15] as out-checkpoints/WLASL100v3/checkpoint_v_2.pth
2025-06-09 16:13:26,462 [INFO] [15] TRAIN  loss: 3.350454891429228 acc: 0.23703703703703705
2025-06-09 16:13:26,462 [INFO] [15] AVG TRAIN time per sample (sec): 0.0750499122283038 
2025-06-09 16:13:26,463 [INFO] [15] VALIDATION  acc: 0.1921182266009852
2025-06-09 16:13:26,463 [INFO] [15] VALIDATION  Top 5 acc: 0.1921182266009852
2025-06-09 16:13:26,463 [INFO] 
2025-06-09 16:14:06,876 [INFO] Save checkpoint for [16] as out-checkpoints/WLASL100v3/checkpoint_v_2.pth
2025-06-09 16:14:06,877 [INFO] [16] TRAIN  loss: 3.2500040390912224 acc: 0.2617283950617284
2025-06-09 16:14:06,877 [INFO] [16] AVG TRAIN time per sample (sec): 0.07616173519807704 
2025-06-09 16:14:06,877 [INFO] [16] VALIDATION  acc: 0.2019704433497537
2025-06-09 16:14:06,877 [INFO] [16] VALIDATION  Top 5 acc: 0.2019704433497537
2025-06-09 16:14:06,877 [INFO] 
2025-06-09 16:14:47,246 [INFO] Save checkpoint for [17] as out-checkpoints/WLASL100v3/checkpoint_v_2.pth
2025-06-09 16:14:47,247 [INFO] [17] TRAIN  loss: 3.171276092529297 acc: 0.31234567901234567
2025-06-09 16:14:47,247 [INFO] [17] AVG TRAIN time per sample (sec): 0.07623432664310231 
2025-06-09 16:14:47,247 [INFO] [17] VALIDATION  acc: 0.22660098522167488
2025-06-09 16:14:47,247 [INFO] [17] VALIDATION  Top 5 acc: 0.22660098522167488
2025-06-09 16:14:47,248 [INFO] 
2025-06-09 16:15:27,621 [INFO] Save checkpoint for [18] as out-checkpoints/WLASL100v3/checkpoint_v_2.pth
2025-06-09 16:15:27,621 [INFO] [18] TRAIN  loss: 3.086012223187615 acc: 0.3148148148148148
2025-06-09 16:15:27,621 [INFO] [18] AVG TRAIN time per sample (sec): 0.0753097464056576 
2025-06-09 16:15:27,622 [INFO] [18] VALIDATION  acc: 0.2561576354679803
2025-06-09 16:15:27,622 [INFO] [18] VALIDATION  Top 5 acc: 0.2561576354679803
2025-06-09 16:15:27,622 [INFO] 
2025-06-09 16:16:07,826 [INFO] [19] TRAIN  loss: 2.9842262268066406 acc: 0.33209876543209876
2025-06-09 16:16:07,826 [INFO] [19] AVG TRAIN time per sample (sec): 0.07496068758123062 
2025-06-09 16:16:07,826 [INFO] [19] VALIDATION  acc: 0.24630541871921183
2025-06-09 16:16:07,826 [INFO] [19] VALIDATION  Top 5 acc: 0.2561576354679803
2025-06-09 16:16:07,826 [INFO] 
2025-06-09 16:16:48,071 [INFO] Save checkpoint for [20] as out-checkpoints/WLASL100v3/checkpoint_v_2.pth
2025-06-09 16:16:48,071 [INFO] [20] TRAIN  loss: 2.8932492873247933 acc: 0.362962962962963
2025-06-09 16:16:48,071 [INFO] [20] AVG TRAIN time per sample (sec): 0.07574189410490148 
2025-06-09 16:16:48,071 [INFO] [20] VALIDATION  acc: 0.2857142857142857
2025-06-09 16:16:48,071 [INFO] [20] VALIDATION  Top 5 acc: 0.2857142857142857
2025-06-09 16:16:48,071 [INFO] 
2025-06-09 16:17:28,752 [INFO] Save checkpoint for [21] as out-checkpoints/WLASL100v3/checkpoint_v_2.pth
2025-06-09 16:17:28,752 [INFO] [21] TRAIN  loss: 2.787642983829274 acc: 0.3987654320987654
2025-06-09 16:17:28,752 [INFO] [21] AVG TRAIN time per sample (sec): 0.07689021615421071 
2025-06-09 16:17:28,752 [INFO] [21] VALIDATION  acc: 0.3054187192118227
2025-06-09 16:17:28,752 [INFO] [21] VALIDATION  Top 5 acc: 0.3054187192118227
2025-06-09 16:17:28,752 [INFO] 
2025-06-09 16:18:09,045 [INFO] Save checkpoint for [22] as out-checkpoints/WLASL100v3/checkpoint_v_3.pth
2025-06-09 16:18:09,045 [INFO] [22] TRAIN  loss: 2.7098996779497933 acc: 0.4271604938271605
2025-06-09 16:18:09,045 [INFO] [22] AVG TRAIN time per sample (sec): 0.07562829466427073 
2025-06-09 16:18:09,045 [INFO] [22] VALIDATION  acc: 0.3103448275862069
2025-06-09 16:18:09,045 [INFO] [22] VALIDATION  Top 5 acc: 0.3103448275862069
2025-06-09 16:18:09,045 [INFO] 
2025-06-09 16:18:49,461 [INFO] Save checkpoint for [23] as out-checkpoints/WLASL100v3/checkpoint_v_3.pth
2025-06-09 16:18:49,461 [INFO] [23] TRAIN  loss: 2.623919318704044 acc: 0.4777777777777778
2025-06-09 16:18:49,461 [INFO] [23] AVG TRAIN time per sample (sec): 0.07667203510508817 
2025-06-09 16:18:49,461 [INFO] [23] VALIDATION  acc: 0.3448275862068966
2025-06-09 16:18:49,461 [INFO] [23] VALIDATION  Top 5 acc: 0.3448275862068966
2025-06-09 16:18:49,462 [INFO] 
2025-06-09 16:19:30,122 [INFO] Save checkpoint for [24] as out-checkpoints/WLASL100v3/checkpoint_v_3.pth
2025-06-09 16:19:30,123 [INFO] [24] TRAIN  loss: 2.5398496740004597 acc: 0.4839506172839506
2025-06-09 16:19:30,123 [INFO] [24] AVG TRAIN time per sample (sec): 0.07842005000394933 
2025-06-09 16:19:30,123 [INFO] [24] VALIDATION  acc: 0.35960591133004927
2025-06-09 16:19:30,123 [INFO] [24] VALIDATION  Top 5 acc: 0.35960591133004927
2025-06-09 16:19:30,123 [INFO] 
2025-06-09 16:20:10,666 [INFO] Save checkpoint for [25] as out-checkpoints/WLASL100v3/checkpoint_v_3.pth
2025-06-09 16:20:10,666 [INFO] [25] TRAIN  loss: 2.4454635171329273 acc: 0.5271604938271605
2025-06-09 16:20:10,666 [INFO] [25] AVG TRAIN time per sample (sec): 0.07653719537398394 
2025-06-09 16:20:10,666 [INFO] [25] VALIDATION  acc: 0.3842364532019704
2025-06-09 16:20:10,666 [INFO] [25] VALIDATION  Top 5 acc: 0.3842364532019704
2025-06-09 16:20:10,667 [INFO] 
2025-06-09 16:20:50,650 [INFO] Save checkpoint for [26] as out-checkpoints/WLASL100v3/checkpoint_v_3.pth
2025-06-09 16:20:50,651 [INFO] [26] TRAIN  loss: 2.340496736414292 acc: 0.562962962962963
2025-06-09 16:20:50,651 [INFO] [26] AVG TRAIN time per sample (sec): 0.07547995623420267 
2025-06-09 16:20:50,651 [INFO] [26] VALIDATION  acc: 0.4482758620689655
2025-06-09 16:20:50,651 [INFO] [26] VALIDATION  Top 5 acc: 0.4482758620689655
2025-06-09 16:20:50,651 [INFO] 
2025-06-09 16:21:31,413 [INFO] [27] TRAIN  loss: 2.249858631807215 acc: 0.5925925925925926
2025-06-09 16:21:31,413 [INFO] [27] AVG TRAIN time per sample (sec): 0.07865540420307833 
2025-06-09 16:21:31,413 [INFO] [27] VALIDATION  acc: 0.43842364532019706
2025-06-09 16:21:31,413 [INFO] [27] VALIDATION  Top 5 acc: 0.4482758620689655
2025-06-09 16:21:31,413 [INFO] 
2025-06-09 16:22:11,736 [INFO] Save checkpoint for [28] as out-checkpoints/WLASL100v3/checkpoint_v_3.pth
2025-06-09 16:22:11,737 [INFO] [28] TRAIN  loss: 2.1846611920525048 acc: 0.5901234567901235
2025-06-09 16:22:11,737 [INFO] [28] AVG TRAIN time per sample (sec): 0.07392231155844296 
2025-06-09 16:22:11,737 [INFO] [28] VALIDATION  acc: 0.458128078817734
2025-06-09 16:22:11,737 [INFO] [28] VALIDATION  Top 5 acc: 0.458128078817734
2025-06-09 16:22:11,737 [INFO] 
2025-06-09 16:22:53,178 [INFO] Save checkpoint for [29] as out-checkpoints/WLASL100v3/checkpoint_v_3.pth
2025-06-09 16:22:53,178 [INFO] [29] TRAIN  loss: 2.0787156048943016 acc: 0.6308641975308642
2025-06-09 16:22:53,179 [INFO] [29] AVG TRAIN time per sample (sec): 0.07529887732337504 
2025-06-09 16:22:53,179 [INFO] [29] VALIDATION  acc: 0.4729064039408867
2025-06-09 16:22:53,179 [INFO] [29] VALIDATION  Top 5 acc: 0.4729064039408867
2025-06-09 16:22:53,179 [INFO] 
2025-06-09 16:23:35,051 [INFO] Save checkpoint for [30] as out-checkpoints/WLASL100v3/checkpoint_v_3.pth
2025-06-09 16:23:35,052 [INFO] [30] TRAIN  loss: 2.0452800077550553 acc: 0.6320987654320988
2025-06-09 16:23:35,052 [INFO] [30] AVG TRAIN time per sample (sec): 0.07750758002786075 
2025-06-09 16:23:35,052 [INFO] [30] VALIDATION  acc: 0.47783251231527096
2025-06-09 16:23:35,052 [INFO] [30] VALIDATION  Top 5 acc: 0.47783251231527096
2025-06-09 16:23:35,053 [INFO] 
2025-06-09 16:24:17,035 [INFO] Save checkpoint for [31] as out-checkpoints/WLASL100v3/checkpoint_v_3.pth
2025-06-09 16:24:17,036 [INFO] [31] TRAIN  loss: 1.9475900986615349 acc: 0.671604938271605
2025-06-09 16:24:17,036 [INFO] [31] AVG TRAIN time per sample (sec): 0.0784465845893411 
2025-06-09 16:24:17,036 [INFO] [31] VALIDATION  acc: 0.49261083743842365
2025-06-09 16:24:17,036 [INFO] [31] VALIDATION  Top 5 acc: 0.49261083743842365
2025-06-09 16:24:17,036 [INFO] 
2025-06-09 16:24:59,097 [INFO] Save checkpoint for [32] as out-checkpoints/WLASL100v3/checkpoint_v_4.pth
2025-06-09 16:24:59,098 [INFO] [32] TRAIN  loss: 1.859657511991613 acc: 0.6654320987654321
2025-06-09 16:24:59,098 [INFO] [32] AVG TRAIN time per sample (sec): 0.07845514662125531 
2025-06-09 16:24:59,098 [INFO] [32] VALIDATION  acc: 0.4827586206896552
2025-06-09 16:24:59,098 [INFO] [32] VALIDATION  Top 5 acc: 0.4827586206896552
2025-06-09 16:24:59,098 [INFO] 
2025-06-09 16:25:41,244 [INFO] Save checkpoint for [33] as out-checkpoints/WLASL100v3/checkpoint_v_4.pth
2025-06-09 16:25:41,245 [INFO] [33] TRAIN  loss: 1.7853263406192554 acc: 0.7111111111111111
2025-06-09 16:25:41,245 [INFO] [33] AVG TRAIN time per sample (sec): 0.07814511832068949 
2025-06-09 16:25:41,245 [INFO] [33] VALIDATION  acc: 0.5221674876847291
2025-06-09 16:25:41,245 [INFO] [33] VALIDATION  Top 5 acc: 0.5221674876847291
2025-06-09 16:25:41,245 [INFO] 
2025-06-09 16:26:23,209 [INFO] [34] TRAIN  loss: 1.7139014075784123 acc: 0.7135802469135802
2025-06-09 16:26:23,209 [INFO] [34] AVG TRAIN time per sample (sec): 0.07953119277954102 
2025-06-09 16:26:23,209 [INFO] [34] VALIDATION  acc: 0.49261083743842365
2025-06-09 16:26:23,209 [INFO] [34] VALIDATION  Top 5 acc: 0.5221674876847291
2025-06-09 16:26:23,209 [INFO] 
2025-06-09 16:27:05,526 [INFO] Save checkpoint for [35] as out-checkpoints/WLASL100v3/checkpoint_v_4.pth
2025-06-09 16:27:05,527 [INFO] [35] TRAIN  loss: 1.6474176294663374 acc: 0.7444444444444445
2025-06-09 16:27:05,527 [INFO] [35] AVG TRAIN time per sample (sec): 0.08260766898884493 
2025-06-09 16:27:05,527 [INFO] [35] VALIDATION  acc: 0.5566502463054187
2025-06-09 16:27:05,527 [INFO] [35] VALIDATION  Top 5 acc: 0.5566502463054187
2025-06-09 16:27:05,527 [INFO] 
2025-06-09 16:27:47,437 [INFO] [36] TRAIN  loss: 1.5799207126393038 acc: 0.7444444444444445
2025-06-09 16:27:47,437 [INFO] [36] AVG TRAIN time per sample (sec): 0.08111145215875962 
2025-06-09 16:27:47,437 [INFO] [36] VALIDATION  acc: 0.541871921182266
2025-06-09 16:27:47,437 [INFO] [36] VALIDATION  Top 5 acc: 0.5566502463054187
2025-06-09 16:27:47,437 [INFO] 
2025-06-09 16:28:29,558 [INFO] Save checkpoint for [37] as out-checkpoints/WLASL100v3/checkpoint_v_4.pth
2025-06-09 16:28:29,559 [INFO] [37] TRAIN  loss: 1.517913257374483 acc: 0.7716049382716049
2025-06-09 16:28:29,559 [INFO] [37] AVG TRAIN time per sample (sec): 0.07500151325674619 
2025-06-09 16:28:29,559 [INFO] [37] VALIDATION  acc: 0.5714285714285714
2025-06-09 16:28:29,559 [INFO] [37] VALIDATION  Top 5 acc: 0.5714285714285714
2025-06-09 16:28:29,559 [INFO] 
2025-06-09 16:29:11,144 [INFO] Save checkpoint for [38] as out-checkpoints/WLASL100v3/checkpoint_v_4.pth
2025-06-09 16:29:11,144 [INFO] [38] TRAIN  loss: 1.4408448163200827 acc: 0.7802469135802469
2025-06-09 16:29:11,144 [INFO] [38] AVG TRAIN time per sample (sec): 0.08001690051134895 
2025-06-09 16:29:11,144 [INFO] [38] VALIDATION  acc: 0.5862068965517241
2025-06-09 16:29:11,146 [INFO] [38] VALIDATION  Top 5 acc: 0.5862068965517241
2025-06-09 16:29:11,146 [INFO] 
2025-06-09 16:29:52,683 [INFO] Save checkpoint for [39] as out-checkpoints/WLASL100v3/checkpoint_v_4.pth
2025-06-09 16:29:52,684 [INFO] [39] TRAIN  loss: 1.363654192756204 acc: 0.8123456790123457
2025-06-09 16:29:52,684 [INFO] [39] AVG TRAIN time per sample (sec): 0.07931375503540039 
2025-06-09 16:29:52,684 [INFO] [39] VALIDATION  acc: 0.5960591133004927
2025-06-09 16:29:52,684 [INFO] [39] VALIDATION  Top 5 acc: 0.5960591133004927
2025-06-09 16:29:52,684 [INFO] 
2025-06-09 16:30:34,040 [INFO] Save checkpoint for [40] as out-checkpoints/WLASL100v3/checkpoint_v_4.pth
2025-06-09 16:30:34,040 [INFO] [40] TRAIN  loss: 1.3070801005643957 acc: 0.8111111111111111
2025-06-09 16:30:34,041 [INFO] [40] AVG TRAIN time per sample (sec): 0.07893855431500603 
2025-06-09 16:30:34,041 [INFO] [40] VALIDATION  acc: 0.6009852216748769
2025-06-09 16:30:34,041 [INFO] [40] VALIDATION  Top 5 acc: 0.6009852216748769
2025-06-09 16:30:34,041 [INFO] 
2025-06-09 16:31:15,630 [INFO] Save checkpoint for [41] as out-checkpoints/WLASL100v3/checkpoint_v_4.pth
2025-06-09 16:31:15,630 [INFO] [41] TRAIN  loss: 1.2639661676743452 acc: 0.8123456790123457
2025-06-09 16:31:15,630 [INFO] [41] AVG TRAIN time per sample (sec): 0.077575964086196 
2025-06-09 16:31:15,630 [INFO] [41] VALIDATION  acc: 0.6059113300492611
2025-06-09 16:31:15,631 [INFO] [41] VALIDATION  Top 5 acc: 0.6059113300492611
2025-06-09 16:31:15,631 [INFO] 
2025-06-09 16:31:57,041 [INFO] Save checkpoint for [42] as out-checkpoints/WLASL100v3/checkpoint_v_5.pth
2025-06-09 16:31:57,042 [INFO] [42] TRAIN  loss: 1.160815295051126 acc: 0.8432098765432099
2025-06-09 16:31:57,042 [INFO] [42] AVG TRAIN time per sample (sec): 0.07610344886779785 
2025-06-09 16:31:57,042 [INFO] [42] VALIDATION  acc: 0.625615763546798
2025-06-09 16:31:57,042 [INFO] [42] VALIDATION  Top 5 acc: 0.625615763546798
2025-06-09 16:31:57,042 [INFO] 
2025-06-09 16:32:37,596 [INFO] [43] TRAIN  loss: 1.1263767691219555 acc: 0.845679012345679
2025-06-09 16:32:37,596 [INFO] [43] AVG TRAIN time per sample (sec): 0.07374254394980038 
2025-06-09 16:32:37,596 [INFO] [43] VALIDATION  acc: 0.6157635467980296
2025-06-09 16:32:37,597 [INFO] [43] VALIDATION  Top 5 acc: 0.625615763546798
2025-06-09 16:32:37,597 [INFO] 
2025-06-09 16:33:19,322 [INFO] Save checkpoint for [44] as out-checkpoints/WLASL100v3/checkpoint_v_5.pth
2025-06-09 16:33:19,322 [INFO] [44] TRAIN  loss: 1.0956551046932446 acc: 0.8469135802469135
2025-06-09 16:33:19,322 [INFO] [44] AVG TRAIN time per sample (sec): 0.07938563122468836 
2025-06-09 16:33:19,323 [INFO] [44] VALIDATION  acc: 0.6403940886699507
2025-06-09 16:33:19,323 [INFO] [44] VALIDATION  Top 5 acc: 0.6403940886699507
2025-06-09 16:33:19,323 [INFO] 
2025-06-09 16:34:00,532 [INFO] [45] TRAIN  loss: 1.0235427407657398 acc: 0.8740740740740741
2025-06-09 16:34:00,532 [INFO] [45] AVG TRAIN time per sample (sec): 0.07488836260402904 
2025-06-09 16:34:00,532 [INFO] [45] VALIDATION  acc: 0.6354679802955665
2025-06-09 16:34:00,532 [INFO] [45] VALIDATION  Top 5 acc: 0.6403940886699507
2025-06-09 16:34:00,532 [INFO] 
2025-06-09 16:34:41,808 [INFO] [46] TRAIN  loss: 0.9864949619068819 acc: 0.8864197530864197
2025-06-09 16:34:41,808 [INFO] [46] AVG TRAIN time per sample (sec): 0.07509579378015854 
2025-06-09 16:34:41,808 [INFO] [46] VALIDATION  acc: 0.6354679802955665
2025-06-09 16:34:41,808 [INFO] [46] VALIDATION  Top 5 acc: 0.6403940886699507
2025-06-09 16:34:41,808 [INFO] 
2025-06-09 16:35:22,484 [INFO] [47] TRAIN  loss: 0.9324233111213235 acc: 0.8790123456790123
2025-06-09 16:35:22,484 [INFO] [47] AVG TRAIN time per sample (sec): 0.07418009814094095 
2025-06-09 16:35:22,484 [INFO] [47] VALIDATION  acc: 0.625615763546798
2025-06-09 16:35:22,484 [INFO] [47] VALIDATION  Top 5 acc: 0.6403940886699507
2025-06-09 16:35:22,484 [INFO] 
2025-06-09 16:36:03,721 [INFO] [48] TRAIN  loss: 0.9081445020787856 acc: 0.8901234567901235
2025-06-09 16:36:03,721 [INFO] [48] AVG TRAIN time per sample (sec): 0.07636776391197653 
2025-06-09 16:36:03,721 [INFO] [48] VALIDATION  acc: 0.6009852216748769
2025-06-09 16:36:03,721 [INFO] [48] VALIDATION  Top 5 acc: 0.6403940886699507
2025-06-09 16:36:03,721 [INFO] 
2025-06-09 16:36:44,543 [INFO] [49] TRAIN  loss: 0.870967752793256 acc: 0.8814814814814815
2025-06-09 16:36:44,543 [INFO] [49] AVG TRAIN time per sample (sec): 0.0772869867437026 
2025-06-09 16:36:44,543 [INFO] [49] VALIDATION  acc: 0.6108374384236454
2025-06-09 16:36:44,543 [INFO] [49] VALIDATION  Top 5 acc: 0.6403940886699507
2025-06-09 16:36:44,544 [INFO] 
2025-06-09 16:37:26,211 [INFO] [50] TRAIN  loss: 0.8337107265696806 acc: 0.9074074074074074
2025-06-09 16:37:26,211 [INFO] [50] AVG TRAIN time per sample (sec): 0.07745126415701474 
2025-06-09 16:37:26,211 [INFO] [50] VALIDATION  acc: 0.6354679802955665
2025-06-09 16:37:26,211 [INFO] [50] VALIDATION  Top 5 acc: 0.6403940886699507
2025-06-09 16:37:26,211 [INFO] 
2025-06-09 16:38:07,282 [INFO] Save checkpoint for [51] as out-checkpoints/WLASL100v3/checkpoint_v_5.pth
2025-06-09 16:38:07,282 [INFO] [51] TRAIN  loss: 0.7798194324269014 acc: 0.9111111111111111
2025-06-09 16:38:07,282 [INFO] [51] AVG TRAIN time per sample (sec): 0.07627194068011116 
2025-06-09 16:38:07,282 [INFO] [51] VALIDATION  acc: 0.6650246305418719
2025-06-09 16:38:07,282 [INFO] [51] VALIDATION  Top 5 acc: 0.6650246305418719
2025-06-09 16:38:07,282 [INFO] 
2025-06-09 16:38:48,935 [INFO] Save checkpoint for [52] as out-checkpoints/WLASL100v3/checkpoint_v_6.pth
2025-06-09 16:38:48,936 [INFO] [52] TRAIN  loss: 0.7390785778270048 acc: 0.9160493827160494
2025-06-09 16:38:48,936 [INFO] [52] AVG TRAIN time per sample (sec): 0.07732940421384923 
2025-06-09 16:38:48,936 [INFO] [52] VALIDATION  acc: 0.6551724137931034
2025-06-09 16:38:48,936 [INFO] [52] VALIDATION  Top 5 acc: 0.6551724137931034
2025-06-09 16:38:48,936 [INFO] 
2025-06-09 16:39:30,659 [INFO] [53] TRAIN  loss: 0.7215055016910329 acc: 0.9098765432098765
2025-06-09 16:39:30,660 [INFO] [53] AVG TRAIN time per sample (sec): 0.07860389877768124 
2025-06-09 16:39:30,660 [INFO] [53] VALIDATION  acc: 0.6502463054187192
2025-06-09 16:39:30,660 [INFO] [53] VALIDATION  Top 5 acc: 0.6551724137931034
2025-06-09 16:39:30,660 [INFO] 
2025-06-09 16:40:11,964 [INFO] Save checkpoint for [54] as out-checkpoints/WLASL100v3/checkpoint_v_6.pth
2025-06-09 16:40:11,964 [INFO] [54] TRAIN  loss: 0.6591847924625173 acc: 0.9358024691358025
2025-06-09 16:40:11,964 [INFO] [54] AVG TRAIN time per sample (sec): 0.07775075295392204 
2025-06-09 16:40:11,965 [INFO] [54] VALIDATION  acc: 0.6600985221674877
2025-06-09 16:40:11,965 [INFO] [54] VALIDATION  Top 5 acc: 0.6600985221674877
2025-06-09 16:40:11,965 [INFO] 
2025-06-09 16:40:52,978 [INFO] [55] TRAIN  loss: 0.6326552559347713 acc: 0.9234567901234568
2025-06-09 16:40:52,978 [INFO] [55] AVG TRAIN time per sample (sec): 0.07752581904916202 
2025-06-09 16:40:52,978 [INFO] [55] VALIDATION  acc: 0.6403940886699507
2025-06-09 16:40:52,979 [INFO] [55] VALIDATION  Top 5 acc: 0.6600985221674877
2025-06-09 16:40:52,979 [INFO] 
2025-06-09 16:41:33,985 [INFO] Save checkpoint for [56] as out-checkpoints/WLASL100v3/checkpoint_v_6.pth
2025-06-09 16:41:33,985 [INFO] [56] TRAIN  loss: 0.6009165258968577 acc: 0.945679012345679
2025-06-09 16:41:33,985 [INFO] [56] AVG TRAIN time per sample (sec): 0.07511584197773653 
2025-06-09 16:41:33,986 [INFO] [56] VALIDATION  acc: 0.6699507389162561
2025-06-09 16:41:33,986 [INFO] [56] VALIDATION  Top 5 acc: 0.6699507389162561
2025-06-09 16:41:33,986 [INFO] 
2025-06-09 16:42:14,817 [INFO] [57] TRAIN  loss: 0.5930286295273725 acc: 0.9469135802469136
2025-06-09 16:42:14,817 [INFO] [57] AVG TRAIN time per sample (sec): 0.07529824621537153 
2025-06-09 16:42:14,817 [INFO] [57] VALIDATION  acc: 0.6108374384236454
2025-06-09 16:42:14,817 [INFO] [57] VALIDATION  Top 5 acc: 0.6699507389162561
2025-06-09 16:42:14,817 [INFO] 
2025-06-09 16:42:55,609 [INFO] Save checkpoint for [58] as out-checkpoints/WLASL100v3/checkpoint_v_6.pth
2025-06-09 16:42:55,610 [INFO] [58] TRAIN  loss: 0.5509503869449391 acc: 0.9407407407407408
2025-06-09 16:42:55,610 [INFO] [58] AVG TRAIN time per sample (sec): 0.07536435127258301 
2025-06-09 16:42:55,610 [INFO] [58] VALIDATION  acc: 0.6748768472906403
2025-06-09 16:42:55,610 [INFO] [58] VALIDATION  Top 5 acc: 0.6748768472906403
2025-06-09 16:42:55,610 [INFO] 
2025-06-09 16:43:36,356 [INFO] [59] TRAIN  loss: 0.5256740906659294 acc: 0.945679012345679
2025-06-09 16:43:36,356 [INFO] [59] AVG TRAIN time per sample (sec): 0.07629550204557531 
2025-06-09 16:43:36,356 [INFO] [59] VALIDATION  acc: 0.645320197044335
2025-06-09 16:43:36,357 [INFO] [59] VALIDATION  Top 5 acc: 0.6748768472906403
2025-06-09 16:43:36,357 [INFO] 
2025-06-09 16:44:16,764 [INFO] [60] TRAIN  loss: 0.4972548765294692 acc: 0.9567901234567902
2025-06-09 16:44:16,764 [INFO] [60] AVG TRAIN time per sample (sec): 0.07513999938964844 
2025-06-09 16:44:16,764 [INFO] [60] VALIDATION  acc: 0.6551724137931034
2025-06-09 16:44:16,765 [INFO] [60] VALIDATION  Top 5 acc: 0.6748768472906403
2025-06-09 16:44:16,765 [INFO] 
2025-06-09 16:44:57,648 [INFO] [61] TRAIN  loss: 0.44363537956686583 acc: 0.9654320987654321
2025-06-09 16:44:57,648 [INFO] [61] AVG TRAIN time per sample (sec): 0.0767902276095222 
2025-06-09 16:44:57,649 [INFO] [61] VALIDATION  acc: 0.6600985221674877
2025-06-09 16:44:57,649 [INFO] [61] VALIDATION  Top 5 acc: 0.6748768472906403
2025-06-09 16:44:57,649 [INFO] 
2025-06-09 16:45:38,040 [INFO] Save checkpoint for [62] as out-checkpoints/WLASL100v3/checkpoint_v_7.pth
2025-06-09 16:45:38,040 [INFO] [62] TRAIN  loss: 0.42752038731294517 acc: 0.9617283950617284
2025-06-09 16:45:38,040 [INFO] [62] AVG TRAIN time per sample (sec): 0.07418398997362922 
2025-06-09 16:45:38,040 [INFO] [62] VALIDATION  acc: 0.6699507389162561
2025-06-09 16:45:38,040 [INFO] [62] VALIDATION  Top 5 acc: 0.6699507389162561
2025-06-09 16:45:38,040 [INFO] 
2025-06-09 16:46:18,192 [INFO] Save checkpoint for [63] as out-checkpoints/WLASL100v3/checkpoint_v_7.pth
2025-06-09 16:46:18,193 [INFO] [63] TRAIN  loss: 0.4236193544724408 acc: 0.9691358024691358
2025-06-09 16:46:18,193 [INFO] [63] AVG TRAIN time per sample (sec): 0.07394057862898883 
2025-06-09 16:46:18,193 [INFO] [63] VALIDATION  acc: 0.6798029556650246
2025-06-09 16:46:18,193 [INFO] [63] VALIDATION  Top 5 acc: 0.6798029556650246
2025-06-09 16:46:18,193 [INFO] 
2025-06-09 16:46:58,294 [INFO] [64] TRAIN  loss: 0.4301643371582031 acc: 0.9679012345679012
2025-06-09 16:46:58,295 [INFO] [64] AVG TRAIN time per sample (sec): 0.07329344749450684 
2025-06-09 16:46:58,295 [INFO] [64] VALIDATION  acc: 0.6650246305418719
2025-06-09 16:46:58,295 [INFO] [64] VALIDATION  Top 5 acc: 0.6798029556650246
2025-06-09 16:46:58,295 [INFO] 
2025-06-09 16:47:38,752 [INFO] [65] TRAIN  loss: 0.4196668512680951 acc: 0.9728395061728395
2025-06-09 16:47:38,752 [INFO] [65] AVG TRAIN time per sample (sec): 0.07461864808026482 
2025-06-09 16:47:38,752 [INFO] [65] VALIDATION  acc: 0.6650246305418719
2025-06-09 16:47:38,752 [INFO] [65] VALIDATION  Top 5 acc: 0.6798029556650246
2025-06-09 16:47:38,753 [INFO] 
2025-06-09 16:48:19,302 [INFO] [66] TRAIN  loss: 0.4171690099379596 acc: 0.9740740740740741
2025-06-09 16:48:19,302 [INFO] [66] AVG TRAIN time per sample (sec): 0.07347523464876063 
2025-06-09 16:48:19,302 [INFO] [66] VALIDATION  acc: 0.6748768472906403
2025-06-09 16:48:19,303 [INFO] [66] VALIDATION  Top 5 acc: 0.6798029556650246
2025-06-09 16:48:19,303 [INFO] 
2025-06-09 16:48:59,742 [INFO] [67] TRAIN  loss: 0.41364218206966624 acc: 0.9679012345679012
2025-06-09 16:48:59,742 [INFO] [67] AVG TRAIN time per sample (sec): 0.07359025758855484 
2025-06-09 16:48:59,742 [INFO] [67] VALIDATION  acc: 0.6748768472906403
2025-06-09 16:48:59,742 [INFO] [67] VALIDATION  Top 5 acc: 0.6798029556650246
2025-06-09 16:48:59,742 [INFO] 
2025-06-09 16:49:39,954 [INFO] [68] TRAIN  loss: 0.41169166564941406 acc: 0.9765432098765432
2025-06-09 16:49:39,954 [INFO] [68] AVG TRAIN time per sample (sec): 0.07399477678186753 
2025-06-09 16:49:39,954 [INFO] [68] VALIDATION  acc: 0.6699507389162561
2025-06-09 16:49:39,954 [INFO] [68] VALIDATION  Top 5 acc: 0.6798029556650246
2025-06-09 16:49:39,954 [INFO] 
2025-06-09 16:50:20,212 [INFO] [69] TRAIN  loss: 0.40693555158727307 acc: 0.9691358024691358
2025-06-09 16:50:20,212 [INFO] [69] AVG TRAIN time per sample (sec): 0.07463650142445284 
2025-06-09 16:50:20,212 [INFO] [69] VALIDATION  acc: 0.6699507389162561
2025-06-09 16:50:20,212 [INFO] [69] VALIDATION  Top 5 acc: 0.6798029556650246
2025-06-09 16:50:20,212 [INFO] 
2025-06-09 16:51:01,049 [INFO] [70] TRAIN  loss: 0.4068777981926413 acc: 0.971604938271605
2025-06-09 16:51:01,049 [INFO] [70] AVG TRAIN time per sample (sec): 0.07593941688537598 
2025-06-09 16:51:01,049 [INFO] [70] VALIDATION  acc: 0.6699507389162561
2025-06-09 16:51:01,050 [INFO] [70] VALIDATION  Top 5 acc: 0.6798029556650246
2025-06-09 16:51:01,050 [INFO] 
2025-06-09 16:51:41,605 [INFO] [71] TRAIN  loss: 0.4050629840177648 acc: 0.9703703703703703
2025-06-09 16:51:41,606 [INFO] [71] AVG TRAIN time per sample (sec): 0.07516555225147921 
2025-06-09 16:51:41,606 [INFO] [71] VALIDATION  acc: 0.6798029556650246
2025-06-09 16:51:41,606 [INFO] [71] VALIDATION  Top 5 acc: 0.6798029556650246
2025-06-09 16:51:41,606 [INFO] 
2025-06-09 16:52:22,331 [INFO] Save checkpoint for [72] as out-checkpoints/WLASL100v3/checkpoint_v_8.pth
2025-06-09 16:52:22,333 [INFO] [72] TRAIN  loss: 0.39465988383573647 acc: 0.9753086419753086
2025-06-09 16:52:22,333 [INFO] [72] AVG TRAIN time per sample (sec): 0.07472311047946706 
2025-06-09 16:52:22,333 [INFO] [72] VALIDATION  acc: 0.6650246305418719
2025-06-09 16:52:22,333 [INFO] [72] VALIDATION  Top 5 acc: 0.6650246305418719
2025-06-09 16:52:22,333 [INFO] 
2025-06-09 16:53:03,061 [INFO] Save checkpoint for [73] as out-checkpoints/WLASL100v3/checkpoint_v_8.pth
2025-06-09 16:53:03,062 [INFO] [73] TRAIN  loss: 0.39907006656422334 acc: 0.9753086419753086
2025-06-09 16:53:03,062 [INFO] [73] AVG TRAIN time per sample (sec): 0.07494083572836484 
2025-06-09 16:53:03,062 [INFO] [73] VALIDATION  acc: 0.6699507389162561
2025-06-09 16:53:03,062 [INFO] [73] VALIDATION  Top 5 acc: 0.6699507389162561
2025-06-09 16:53:03,062 [INFO] 
2025-06-09 16:53:44,308 [INFO] Save checkpoint for [74] as out-checkpoints/WLASL100v3/checkpoint_v_8.pth
2025-06-09 16:53:44,310 [INFO] [74] TRAIN  loss: 0.3960107915541705 acc: 0.9728395061728395
2025-06-09 16:53:44,310 [INFO] [74] AVG TRAIN time per sample (sec): 0.07842799495248233 
2025-06-09 16:53:44,310 [INFO] [74] VALIDATION  acc: 0.6798029556650246
2025-06-09 16:53:44,310 [INFO] [74] VALIDATION  Top 5 acc: 0.6798029556650246
2025-06-09 16:53:44,310 [INFO] 
2025-06-09 16:54:25,618 [INFO] [75] TRAIN  loss: 0.38955357495476217 acc: 0.9679012345679012
2025-06-09 16:54:25,618 [INFO] [75] AVG TRAIN time per sample (sec): 0.07641288112191592 
2025-06-09 16:54:25,618 [INFO] [75] VALIDATION  acc: 0.6748768472906403
2025-06-09 16:54:25,618 [INFO] [75] VALIDATION  Top 5 acc: 0.6798029556650246
2025-06-09 16:54:25,618 [INFO] 
2025-06-09 16:55:06,093 [INFO] [76] TRAIN  loss: 0.3925238497116986 acc: 0.9691358024691358
2025-06-09 16:55:06,093 [INFO] [76] AVG TRAIN time per sample (sec): 0.07555504406199735 
2025-06-09 16:55:06,093 [INFO] [76] VALIDATION  acc: 0.6798029556650246
2025-06-09 16:55:06,093 [INFO] [76] VALIDATION  Top 5 acc: 0.6798029556650246
2025-06-09 16:55:06,093 [INFO] 
2025-06-09 16:55:46,540 [INFO] [77] TRAIN  loss: 0.3982994135688333 acc: 0.9679012345679012
2025-06-09 16:55:46,540 [INFO] [77] AVG TRAIN time per sample (sec): 0.07506798996644862 
2025-06-09 16:55:46,540 [INFO] [77] VALIDATION  acc: 0.6699507389162561
2025-06-09 16:55:46,540 [INFO] [77] VALIDATION  Top 5 acc: 0.6798029556650246
2025-06-09 16:55:46,541 [INFO] 
2025-06-09 16:56:27,046 [INFO] [78] TRAIN  loss: 0.39478307611802044 acc: 0.971604938271605
2025-06-09 16:56:27,046 [INFO] [78] AVG TRAIN time per sample (sec): 0.07425519999335795 
2025-06-09 16:56:27,046 [INFO] [78] VALIDATION  acc: 0.6600985221674877
2025-06-09 16:56:27,046 [INFO] [78] VALIDATION  Top 5 acc: 0.6798029556650246
2025-06-09 16:56:27,046 [INFO] 
2025-06-09 16:57:07,514 [INFO] [79] TRAIN  loss: 0.3914574735304889 acc: 0.9765432098765432
2025-06-09 16:57:07,514 [INFO] [79] AVG TRAIN time per sample (sec): 0.07384699933669146 
2025-06-09 16:57:07,514 [INFO] [79] VALIDATION  acc: 0.6748768472906403
2025-06-09 16:57:07,514 [INFO] [79] VALIDATION  Top 5 acc: 0.6798029556650246
2025-06-09 16:57:07,514 [INFO] 
2025-06-09 16:57:47,985 [INFO] [80] TRAIN  loss: 0.3914455245522892 acc: 0.9703703703703703
2025-06-09 16:57:47,985 [INFO] [80] AVG TRAIN time per sample (sec): 0.0753327958724078 
2025-06-09 16:57:47,985 [INFO] [80] VALIDATION  acc: 0.6748768472906403
2025-06-09 16:57:47,985 [INFO] [80] VALIDATION  Top 5 acc: 0.6798029556650246
2025-06-09 16:57:47,985 [INFO] 
2025-06-09 16:58:28,499 [INFO] [81] TRAIN  loss: 0.3719009511611041 acc: 0.9753086419753086
2025-06-09 16:58:28,499 [INFO] [81] AVG TRAIN time per sample (sec): 0.07468853978549733 
2025-06-09 16:58:28,499 [INFO] [81] VALIDATION  acc: 0.6748768472906403
2025-06-09 16:58:28,499 [INFO] [81] VALIDATION  Top 5 acc: 0.6798029556650246
2025-06-09 16:58:28,500 [INFO] 
2025-06-09 16:59:09,236 [INFO] Save checkpoint for [82] as out-checkpoints/WLASL100v3/checkpoint_v_9.pth
2025-06-09 16:59:09,236 [INFO] [82] TRAIN  loss: 0.3806017426883473 acc: 0.9740740740740741
2025-06-09 16:59:09,236 [INFO] [82] AVG TRAIN time per sample (sec): 0.0758213015163646 
2025-06-09 16:59:09,236 [INFO] [82] VALIDATION  acc: 0.6699507389162561
2025-06-09 16:59:09,236 [INFO] [82] VALIDATION  Top 5 acc: 0.6699507389162561
2025-06-09 16:59:09,236 [INFO] 
2025-06-09 16:59:49,752 [INFO] [83] TRAIN  loss: 0.3672481985653148 acc: 0.9777777777777777
2025-06-09 16:59:49,752 [INFO] [83] AVG TRAIN time per sample (sec): 0.07672652777503519 
2025-06-09 16:59:49,753 [INFO] [83] VALIDATION  acc: 0.6699507389162561
2025-06-09 16:59:49,753 [INFO] [83] VALIDATION  Top 5 acc: 0.6699507389162561
2025-06-09 16:59:49,753 [INFO] 
2025-06-09 17:00:30,190 [INFO] [84] TRAIN  loss: 0.38301630581126495 acc: 0.9740740740740741
2025-06-09 17:00:30,190 [INFO] [84] AVG TRAIN time per sample (sec): 0.07653774233425364 
2025-06-09 17:00:30,191 [INFO] [84] VALIDATION  acc: 0.6650246305418719
2025-06-09 17:00:30,191 [INFO] [84] VALIDATION  Top 5 acc: 0.6699507389162561
2025-06-09 17:00:30,191 [INFO] 
2025-06-09 17:01:10,587 [INFO] [85] TRAIN  loss: 0.38224051980411305 acc: 0.971604938271605
2025-06-09 17:01:10,587 [INFO] [85] AVG TRAIN time per sample (sec): 0.07441156050738167 
2025-06-09 17:01:10,587 [INFO] [85] VALIDATION  acc: 0.6699507389162561
2025-06-09 17:01:10,587 [INFO] [85] VALIDATION  Top 5 acc: 0.6699507389162561
2025-06-09 17:01:10,587 [INFO] 
2025-06-09 17:01:51,156 [INFO] [86] TRAIN  loss: 0.3825109425713034 acc: 0.9753086419753086
2025-06-09 17:01:51,156 [INFO] [86] AVG TRAIN time per sample (sec): 0.0747988925260656 
2025-06-09 17:01:51,156 [INFO] [86] VALIDATION  acc: 0.6699507389162561
2025-06-09 17:01:51,156 [INFO] [86] VALIDATION  Top 5 acc: 0.6699507389162561
2025-06-09 17:01:51,156 [INFO] 
2025-06-09 17:02:31,681 [INFO] Save checkpoint for [87] as out-checkpoints/WLASL100v3/checkpoint_v_9.pth
2025-06-09 17:02:31,681 [INFO] [87] TRAIN  loss: 0.3868554620181813 acc: 0.9728395061728395
2025-06-09 17:02:31,681 [INFO] [87] AVG TRAIN time per sample (sec): 0.07473285759196562 
2025-06-09 17:02:31,682 [INFO] [87] VALIDATION  acc: 0.6798029556650246
2025-06-09 17:02:31,682 [INFO] [87] VALIDATION  Top 5 acc: 0.6798029556650246
2025-06-09 17:02:31,682 [INFO] 
2025-06-09 17:03:12,005 [INFO] [88] TRAIN  loss: 0.38890622643863454 acc: 0.9777777777777777
2025-06-09 17:03:12,005 [INFO] [88] AVG TRAIN time per sample (sec): 0.074119673055761 
2025-06-09 17:03:12,005 [INFO] [88] VALIDATION  acc: 0.6748768472906403
2025-06-09 17:03:12,005 [INFO] [88] VALIDATION  Top 5 acc: 0.6798029556650246
2025-06-09 17:03:12,006 [INFO] 
2025-06-09 17:03:52,439 [INFO] [89] TRAIN  loss: 0.38798898809096394 acc: 0.9654320987654321
2025-06-09 17:03:52,439 [INFO] [89] AVG TRAIN time per sample (sec): 0.0746233954149134 
2025-06-09 17:03:52,439 [INFO] [89] VALIDATION  acc: 0.6748768472906403
2025-06-09 17:03:52,439 [INFO] [89] VALIDATION  Top 5 acc: 0.6798029556650246
2025-06-09 17:03:52,439 [INFO] 
2025-06-09 17:04:32,911 [INFO] [90] TRAIN  loss: 0.3776543561150046 acc: 0.9765432098765432
2025-06-09 17:04:32,911 [INFO] [90] AVG TRAIN time per sample (sec): 0.07475693085614372 
2025-06-09 17:04:32,911 [INFO] [90] VALIDATION  acc: 0.6798029556650246
2025-06-09 17:04:32,911 [INFO] [90] VALIDATION  Top 5 acc: 0.6798029556650246
2025-06-09 17:04:32,911 [INFO] 
2025-06-09 17:05:13,722 [INFO] [91] TRAIN  loss: 0.3656803018906537 acc: 0.9814814814814815
2025-06-09 17:05:13,723 [INFO] [91] AVG TRAIN time per sample (sec): 0.07790118105271283 
2025-06-09 17:05:13,723 [INFO] [91] VALIDATION  acc: 0.6798029556650246
2025-06-09 17:05:13,723 [INFO] [91] VALIDATION  Top 5 acc: 0.6798029556650246
2025-06-09 17:05:13,723 [INFO] 
2025-06-09 17:05:54,625 [INFO] Save checkpoint for [92] as out-checkpoints/WLASL100v3/checkpoint_v_10.pth
2025-06-09 17:05:54,625 [INFO] [92] TRAIN  loss: 0.37169736974379597 acc: 0.9777777777777777
2025-06-09 17:05:54,626 [INFO] [92] AVG TRAIN time per sample (sec): 0.07588716815499698 
2025-06-09 17:05:54,626 [INFO] [92] VALIDATION  acc: 0.6748768472906403
2025-06-09 17:05:54,626 [INFO] [92] VALIDATION  Top 5 acc: 0.6748768472906403
2025-06-09 17:05:54,626 [INFO] 
2025-06-09 17:06:35,191 [INFO] [93] TRAIN  loss: 0.37558334013995004 acc: 0.971604938271605
2025-06-09 17:06:35,191 [INFO] [93] AVG TRAIN time per sample (sec): 0.07578652045306038 
2025-06-09 17:06:35,191 [INFO] [93] VALIDATION  acc: 0.6699507389162561
2025-06-09 17:06:35,191 [INFO] [93] VALIDATION  Top 5 acc: 0.6748768472906403
2025-06-09 17:06:35,191 [INFO] 
2025-06-09 17:07:16,548 [INFO] [94] TRAIN  loss: 0.37842730914845185 acc: 0.971604938271605
2025-06-09 17:07:16,548 [INFO] [94] AVG TRAIN time per sample (sec): 0.07498649989857394 
2025-06-09 17:07:16,548 [INFO] [94] VALIDATION  acc: 0.6699507389162561
2025-06-09 17:07:16,548 [INFO] [94] VALIDATION  Top 5 acc: 0.6748768472906403
2025-06-09 17:07:16,548 [INFO] 
2025-06-09 17:07:57,414 [INFO] [95] TRAIN  loss: 0.3770753636079676 acc: 0.9790123456790123
2025-06-09 17:07:57,414 [INFO] [95] AVG TRAIN time per sample (sec): 0.07541990280151367 
2025-06-09 17:07:57,414 [INFO] [95] VALIDATION  acc: 0.6699507389162561
2025-06-09 17:07:57,414 [INFO] [95] VALIDATION  Top 5 acc: 0.6748768472906403
2025-06-09 17:07:57,414 [INFO] 
2025-06-09 17:08:37,863 [INFO] Save checkpoint for [96] as out-checkpoints/WLASL100v3/checkpoint_v_10.pth
2025-06-09 17:08:37,863 [INFO] [96] TRAIN  loss: 0.3796643930322984 acc: 0.9765432098765432
2025-06-09 17:08:37,864 [INFO] [96] AVG TRAIN time per sample (sec): 0.07457327842712402 
2025-06-09 17:08:37,864 [INFO] [96] VALIDATION  acc: 0.6798029556650246
2025-06-09 17:08:37,864 [INFO] [96] VALIDATION  Top 5 acc: 0.6798029556650246
2025-06-09 17:08:37,864 [INFO] 
2025-06-09 17:09:18,472 [INFO] [97] TRAIN  loss: 0.3683463825899012 acc: 0.9814814814814815
2025-06-09 17:09:18,472 [INFO] [97] AVG TRAIN time per sample (sec): 0.07458336914286894 
2025-06-09 17:09:18,472 [INFO] [97] VALIDATION  acc: 0.6699507389162561
2025-06-09 17:09:18,473 [INFO] [97] VALIDATION  Top 5 acc: 0.6798029556650246
2025-06-09 17:09:18,473 [INFO] 
2025-06-09 17:09:58,905 [INFO] [98] TRAIN  loss: 0.3777443941901712 acc: 0.9814814814814815
2025-06-09 17:09:58,905 [INFO] [98] AVG TRAIN time per sample (sec): 0.0749727908302756 
2025-06-09 17:09:58,905 [INFO] [98] VALIDATION  acc: 0.6699507389162561
2025-06-09 17:09:58,906 [INFO] [98] VALIDATION  Top 5 acc: 0.6798029556650246
2025-06-09 17:09:58,906 [INFO] 
2025-06-09 17:10:39,085 [INFO] [99] TRAIN  loss: 0.38289471233592315 acc: 0.971604938271605
2025-06-09 17:10:39,085 [INFO] [99] AVG TRAIN time per sample (sec): 0.07511730053845574 
2025-06-09 17:10:39,085 [INFO] [99] VALIDATION  acc: 0.6748768472906403
2025-06-09 17:10:39,085 [INFO] [99] VALIDATION  Top 5 acc: 0.6798029556650246
2025-06-09 17:10:39,086 [INFO] 
2025-06-09 17:11:19,377 [INFO] [100] TRAIN  loss: 0.3736265126396628 acc: 0.9765432098765432
2025-06-09 17:11:19,377 [INFO] [100] AVG TRAIN time per sample (sec): 0.07445017730488497 
2025-06-09 17:11:19,377 [INFO] [100] VALIDATION  acc: 0.6699507389162561
2025-06-09 17:11:19,377 [INFO] [100] VALIDATION  Top 5 acc: 0.6798029556650246
2025-06-09 17:11:19,377 [INFO] 
2025-06-09 17:11:19,377 [INFO] 
Testing checkpointed models starting...

2025-06-09 17:11:19,735 [INFO] 
Any desired statistics have been plotted.
The experiment is finished.
